<?xml version="1.0" encoding="UTF-8"?>
<coverage generated="1624898017545" clover="3.2.0">
  <project timestamp="1624898017545" name="All files">
    <metrics statements="264" coveredstatements="243" conditionals="179" coveredconditionals="159" methods="56" coveredmethods="53" elements="499" coveredelements="455" complexity="0" loc="264" ncloc="264" packages="12" files="21" classes="21"/>
    <package name="elegant-javascript.chapter-2">
      <metrics statements="39" coveredstatements="33" conditionals="16" coveredconditionals="16" methods="6" coveredmethods="4"/>
      <file name="chessboard.js" path="/Users/Rhead/Documents/Projects/code-challenges/elegant-javascript/chapter-2/chessboard.js">
        <metrics statements="9" coveredstatements="9" conditionals="2" coveredconditionals="2" methods="1" coveredmethods="1"/>
        <line num="6" count="1" type="stmt"/>
        <line num="7" count="1" type="stmt"/>
        <line num="9" count="1" type="stmt"/>
        <line num="10" count="8" type="stmt"/>
        <line num="11" count="64" type="cond" truecount="2" falsecount="0"/>
        <line num="12" count="32" type="stmt"/>
        <line num="14" count="8" type="stmt"/>
        <line num="16" count="1" type="stmt"/>
        <line num="19" count="1" type="stmt"/>
      </file>
      <file name="fizz-buzz.js" path="/Users/Rhead/Documents/Projects/code-challenges/elegant-javascript/chapter-2/fizz-buzz.js">
        <metrics statements="16" coveredstatements="16" conditionals="12" coveredconditionals="12" methods="2" coveredmethods="2"/>
        <line num="4" count="1" type="stmt"/>
        <line num="5" count="1" type="stmt"/>
        <line num="6" count="1" type="stmt"/>
        <line num="7" count="100" type="cond" truecount="2" falsecount="0"/>
        <line num="8" count="94" type="cond" truecount="2" falsecount="0"/>
        <line num="9" count="80" type="cond" truecount="2" falsecount="0"/>
        <line num="10" count="53" type="stmt"/>
        <line num="13" count="1" type="stmt"/>
        <line num="18" count="1" type="stmt"/>
        <line num="19" count="1" type="stmt"/>
        <line num="20" count="100" type="stmt"/>
        <line num="21" count="100" type="cond" truecount="2" falsecount="0"/>
        <line num="22" count="100" type="cond" truecount="2" falsecount="0"/>
        <line num="24" count="100" type="cond" truecount="2" falsecount="0"/>
        <line num="26" count="1" type="stmt"/>
        <line num="30" count="1" type="stmt"/>
      </file>
      <file name="pound-pyramid.js" path="/Users/Rhead/Documents/Projects/code-challenges/elegant-javascript/chapter-2/pound-pyramid.js">
        <metrics statements="14" coveredstatements="8" conditionals="2" coveredconditionals="2" methods="3" coveredmethods="1"/>
        <line num="7" count="0" type="stmt"/>
        <line num="8" count="0" type="stmt"/>
        <line num="9" count="0" type="stmt"/>
        <line num="10" count="0" type="stmt"/>
        <line num="12" count="0" type="stmt"/>
        <line num="18" count="1" type="stmt"/>
        <line num="19" count="1" type="stmt"/>
        <line num="20" count="1" type="stmt"/>
        <line num="21" count="7" type="stmt"/>
        <line num="22" count="49" type="cond" truecount="2" falsecount="0"/>
        <line num="24" count="7" type="stmt"/>
        <line num="26" count="1" type="stmt"/>
        <line num="32" count="0" type="stmt"/>
        <line num="36" count="1" type="stmt"/>
      </file>
    </package>
    <package name="elegant-javascript.chapter-3">
      <metrics statements="11" coveredstatements="11" conditionals="10" coveredconditionals="10" methods="4" coveredmethods="4"/>
      <file name="functions.js" path="/Users/Rhead/Documents/Projects/code-challenges/elegant-javascript/chapter-3/functions.js">
        <metrics statements="11" coveredstatements="11" conditionals="10" coveredconditionals="10" methods="4" coveredmethods="4"/>
        <line num="9" count="2" type="cond" truecount="2" falsecount="0"/>
        <line num="19" count="66" type="cond" truecount="2" falsecount="0"/>
        <line num="20" count="65" type="cond" truecount="2" falsecount="0"/>
        <line num="21" count="63" type="cond" truecount="2" falsecount="0"/>
        <line num="22" count="62" type="stmt"/>
        <line num="32" count="1" type="stmt"/>
        <line num="46" count="2" type="stmt"/>
        <line num="47" count="2" type="stmt"/>
        <line num="48" count="12" type="cond" truecount="2" falsecount="0"/>
        <line num="50" count="2" type="stmt"/>
        <line num="53" count="1" type="stmt"/>
      </file>
    </package>
    <package name="elegant-javascript.chapter-4">
      <metrics statements="51" coveredstatements="51" conditionals="27" coveredconditionals="24" methods="11" coveredmethods="11"/>
      <file name="deep-equal.js" path="/Users/Rhead/Documents/Projects/code-challenges/elegant-javascript/chapter-4/deep-equal.js">
        <metrics statements="8" coveredstatements="8" conditionals="14" coveredconditionals="13" methods="1" coveredmethods="1"/>
        <line num="7" count="7" type="cond" truecount="2" falsecount="0"/>
        <line num="9" count="4" type="cond" truecount="6" falsecount="0"/>
        <line num="11" count="3" type="stmt"/>
        <line num="13" count="3" type="cond" truecount="1" falsecount="1"/>
        <line num="15" count="3" type="stmt"/>
        <line num="16" count="4" type="cond" truecount="4" falsecount="0"/>
        <line num="18" count="2" type="stmt"/>
        <line num="21" count="1" type="stmt"/>
      </file>
      <file name="list.js" path="/Users/Rhead/Documents/Projects/code-challenges/elegant-javascript/chapter-4/list.js">
        <metrics statements="21" coveredstatements="21" conditionals="6" coveredconditionals="4" methods="6" coveredmethods="6"/>
        <line num="8" count="1" type="stmt"/>
        <line num="9" count="1" type="stmt"/>
        <line num="10" count="3" type="stmt"/>
        <line num="15" count="1" type="stmt"/>
        <line num="22" count="2" type="stmt"/>
        <line num="23" count="2" type="stmt"/>
        <line num="24" count="2" type="stmt"/>
        <line num="25" count="6" type="stmt"/>
        <line num="26" count="6" type="stmt"/>
        <line num="28" count="2" type="stmt"/>
        <line num="33" count="1" type="stmt"/>
        <line num="34" count="1" type="stmt"/>
        <line num="35" count="3" type="stmt"/>
        <line num="37" count="1" type="stmt"/>
        <line num="43" count="1" type="stmt"/>
        <line num="50" count="1" type="stmt"/>
        <line num="51" count="1" type="cond" truecount="1" falsecount="1"/>
        <line num="56" count="3" type="cond" truecount="1" falsecount="1"/>
        <line num="57" count="3" type="cond" truecount="2" falsecount="0"/>
        <line num="58" count="2" type="stmt"/>
        <line num="61" count="1" type="stmt"/>
      </file>
      <file name="reversing-array.js" path="/Users/Rhead/Documents/Projects/code-challenges/elegant-javascript/chapter-4/reversing-array.js">
        <metrics statements="9" coveredstatements="9" conditionals="0" coveredconditionals="0" methods="2" coveredmethods="2"/>
        <line num="9" count="1" type="stmt"/>
        <line num="11" count="9" type="stmt"/>
        <line num="12" count="1" type="stmt"/>
        <line num="17" count="1" type="stmt"/>
        <line num="18" count="4" type="stmt"/>
        <line num="19" count="4" type="stmt"/>
        <line num="20" count="4" type="stmt"/>
        <line num="22" count="1" type="stmt"/>
        <line num="25" count="1" type="stmt"/>
      </file>
      <file name="sum-of-a-range.js" path="/Users/Rhead/Documents/Projects/code-challenges/elegant-javascript/chapter-4/sum-of-a-range.js">
        <metrics statements="13" coveredstatements="13" conditionals="7" coveredconditionals="7" methods="2" coveredmethods="2"/>
        <line num="8" count="6" type="cond" truecount="2" falsecount="0"/>
        <line num="10" count="5" type="stmt"/>
        <line num="12" count="5" type="cond" truecount="2" falsecount="0"/>
        <line num="13" count="3" type="stmt"/>
        <line num="14" count="25" type="stmt"/>
        <line num="17" count="2" type="stmt"/>
        <line num="18" count="10" type="stmt"/>
        <line num="21" count="5" type="stmt"/>
        <line num="27" count="1" type="stmt"/>
        <line num="28" count="1" type="stmt"/>
        <line num="29" count="10" type="stmt"/>
        <line num="31" count="1" type="stmt"/>
        <line num="36" count="1" type="stmt"/>
      </file>
    </package>
    <package name="elegant-javascript.chapter-5">
      <metrics statements="13" coveredstatements="13" conditionals="2" coveredconditionals="2" methods="9" coveredmethods="9"/>
      <file name="everything.js" path="/Users/Rhead/Documents/Projects/code-challenges/elegant-javascript/chapter-5/everything.js">
        <metrics statements="5" coveredstatements="5" conditionals="2" coveredconditionals="2" methods="3" coveredmethods="3"/>
        <line num="12" count="2" type="stmt"/>
        <line num="13" count="10" type="cond" truecount="2" falsecount="0"/>
        <line num="15" count="1" type="stmt"/>
        <line num="20" count="10" type="stmt"/>
        <line num="23" count="1" type="stmt"/>
      </file>
      <file name="flatten.js" path="/Users/Rhead/Documents/Projects/code-challenges/elegant-javascript/chapter-5/flatten.js">
        <metrics statements="6" coveredstatements="6" conditionals="0" coveredconditionals="0" methods="5" coveredmethods="5"/>
        <line num="5" count="1" type="stmt"/>
        <line num="8" count="1" type="stmt"/>
        <line num="9" count="2" type="stmt"/>
        <line num="13" count="1" type="stmt"/>
        <line num="16" count="3" type="stmt"/>
        <line num="18" count="1" type="stmt"/>
      </file>
      <file name="your-own-loop.js" path="/Users/Rhead/Documents/Projects/code-challenges/elegant-javascript/chapter-5/your-own-loop.js">
        <metrics statements="2" coveredstatements="2" conditionals="0" coveredconditionals="0" methods="1" coveredmethods="1"/>
        <line num="13" count="3" type="stmt"/>
        <line num="16" count="1" type="stmt"/>
      </file>
    </package>
    <package name="leetcode.easy.excel-column">
      <metrics statements="9" coveredstatements="9" conditionals="2" coveredconditionals="2" methods="1" coveredmethods="1"/>
      <file name="excel-column.js" path="/Users/Rhead/Documents/Projects/code-challenges/leetcode/easy/excel-column/excel-column.js">
        <metrics statements="9" coveredstatements="9" conditionals="2" coveredconditionals="2" methods="1" coveredmethods="1"/>
        <line num="4" count="8" type="stmt"/>
        <line num="5" count="8" type="stmt"/>
        <line num="6" count="8" type="stmt"/>
        <line num="7" count="8" type="stmt"/>
        <line num="8" count="16" type="cond" truecount="2" falsecount="0"/>
        <line num="9" count="2" type="stmt"/>
        <line num="10" count="16" type="stmt"/>
        <line num="13" count="8" type="stmt"/>
        <line num="16" count="1" type="stmt"/>
      </file>
    </package>
    <package name="leetcode.easy.overlapping-rectangle">
      <metrics statements="8" coveredstatements="8" conditionals="12" coveredconditionals="12" methods="2" coveredmethods="2"/>
      <file name="rectangle-overlap-1.js" path="/Users/Rhead/Documents/Projects/code-challenges/leetcode/easy/overlapping-rectangle/rectangle-overlap-1.js">
        <metrics statements="5" coveredstatements="5" conditionals="10" coveredconditionals="10" methods="1" coveredmethods="1"/>
        <line num="5" count="1" type="stmt"/>
        <line num="7" count="3" type="cond" truecount="6" falsecount="0"/>
        <line num="9" count="1" type="stmt"/>
        <line num="13" count="2" type="cond" truecount="4" falsecount="0"/>
        <line num="19" count="1" type="stmt"/>
      </file>
      <file name="rectangle-overlap-2.js" path="/Users/Rhead/Documents/Projects/code-challenges/leetcode/easy/overlapping-rectangle/rectangle-overlap-2.js">
        <metrics statements="3" coveredstatements="3" conditionals="2" coveredconditionals="2" methods="1" coveredmethods="1"/>
        <line num="11" count="1" type="stmt"/>
        <line num="12" count="3" type="cond" truecount="2" falsecount="0"/>
        <line num="16" count="1" type="stmt"/>
      </file>
    </package>
    <package name="leetcode.easy.replace-question-marks">
      <metrics statements="9" coveredstatements="9" conditionals="16" coveredconditionals="15" methods="1" coveredmethods="1"/>
      <file name="replace-question-marks.js" path="/Users/Rhead/Documents/Projects/code-challenges/leetcode/easy/replace-question-marks/replace-question-marks.js">
        <metrics statements="9" coveredstatements="9" conditionals="16" coveredconditionals="15" methods="1" coveredmethods="1"/>
        <line num="4" count="11" type="cond" truecount="2" falsecount="0"/>
        <line num="5" count="10" type="stmt"/>
        <line num="6" count="10" type="stmt"/>
        <line num="7" count="49" type="cond" truecount="2" falsecount="0"/>
        <line num="9" count="21" type="cond" truecount="4" falsecount="0"/>
        <line num="10" count="9" type="cond" truecount="4" falsecount="0"/>
        <line num="11" count="2" type="cond" truecount="3" falsecount="1"/>
        <line num="14" count="10" type="stmt"/>
        <line num="17" count="1" type="stmt"/>
      </file>
    </package>
    <package name="leetcode.easy.sign-of-arrays-product">
      <metrics statements="9" coveredstatements="9" conditionals="4" coveredconditionals="4" methods="3" coveredmethods="3"/>
      <file name="sign-of-arrays-product.js" path="/Users/Rhead/Documents/Projects/code-challenges/leetcode/easy/sign-of-arrays-product/sign-of-arrays-product.js">
        <metrics statements="9" coveredstatements="9" conditionals="4" coveredconditionals="4" methods="3" coveredmethods="3"/>
        <line num="4" count="1" type="stmt"/>
        <line num="5" count="5" type="stmt"/>
        <line num="6" count="212" type="stmt"/>
        <line num="8" count="5" type="stmt"/>
        <line num="11" count="1" type="stmt"/>
        <line num="12" count="5" type="cond" truecount="2" falsecount="0"/>
        <line num="13" count="4" type="cond" truecount="2" falsecount="0"/>
        <line num="14" count="3" type="stmt"/>
        <line num="17" count="1" type="stmt"/>
      </file>
    </package>
    <package name="leetcode.easy.two-sum">
      <metrics statements="8" coveredstatements="8" conditionals="2" coveredconditionals="2" methods="1" coveredmethods="1"/>
      <file name="two-sum.js" path="/Users/Rhead/Documents/Projects/code-challenges/leetcode/easy/two-sum/two-sum.js">
        <metrics statements="8" coveredstatements="8" conditionals="2" coveredconditionals="2" methods="1" coveredmethods="1"/>
        <line num="38" count="7" type="stmt"/>
        <line num="39" count="7" type="stmt"/>
        <line num="40" count="18" type="stmt"/>
        <line num="42" count="18" type="stmt"/>
        <line num="44" count="18" type="cond" truecount="2" falsecount="0"/>
        <line num="45" count="12" type="stmt"/>
        <line num="47" count="1" type="stmt"/>
        <line num="50" count="1" type="stmt"/>
      </file>
    </package>
    <package name="leetcode.june-2021.day1">
      <metrics statements="15" coveredstatements="15" conditionals="9" coveredconditionals="8" methods="2" coveredmethods="2"/>
      <file name="max-area.js" path="/Users/Rhead/Documents/Projects/code-challenges/leetcode/june-2021/day1/max-area.js">
        <metrics statements="15" coveredstatements="15" conditionals="9" coveredconditionals="8" methods="2" coveredmethods="2"/>
        <line num="4" count="4" type="cond" truecount="1" falsecount="1"/>
        <line num="6" count="4" type="stmt"/>
        <line num="8" count="4" type="stmt"/>
        <line num="9" count="15" type="stmt"/>
        <line num="10" count="134" type="stmt"/>
        <line num="13" count="4" type="stmt"/>
        <line num="18" count="270" type="cond" truecount="7" falsecount="0"/>
        <line num="20" count="34" type="stmt"/>
        <line num="21" count="34" type="stmt"/>
        <line num="22" count="34" type="stmt"/>
        <line num="23" count="34" type="stmt"/>
        <line num="24" count="34" type="stmt"/>
        <line num="25" count="34" type="stmt"/>
        <line num="28" count="34" type="stmt"/>
        <line num="31" count="1" type="stmt"/>
      </file>
    </package>
    <package name="leetcode.june-2021.day2">
      <metrics statements="8" coveredstatements="8" conditionals="19" coveredconditionals="18" methods="1" coveredmethods="1"/>
      <file name="interleaving-strings.js" path="/Users/Rhead/Documents/Projects/code-challenges/leetcode/june-2021/day2/interleaving-strings.js">
        <metrics statements="8" coveredstatements="8" conditionals="19" coveredconditionals="18" methods="1" coveredmethods="1"/>
        <line num="5" count="34" type="cond" truecount="2" falsecount="0"/>
        <line num="8" count="33" type="cond" truecount="4" falsecount="0"/>
        <line num="11" count="26" type="cond" truecount="3" falsecount="1"/>
        <line num="14" count="25" type="stmt"/>
        <line num="17" count="25" type="cond" truecount="6" falsecount="0"/>
        <line num="18" count="19" type="stmt"/>
        <line num="20" count="25" type="stmt"/>
        <line num="23" count="1" type="stmt"/>
      </file>
    </package>
    <package name="struggle-bus.char-in-string">
      <metrics statements="84" coveredstatements="69" conditionals="60" coveredconditionals="46" methods="15" coveredmethods="14"/>
      <file name="hashtable.js" path="/Users/Rhead/Documents/Projects/code-challenges/struggle-bus/char-in-string/hashtable.js">
        <metrics statements="44" coveredstatements="29" conditionals="24" coveredconditionals="12" methods="9" coveredmethods="8"/>
        <line num="5" count="116" type="stmt"/>
        <line num="6" count="116" type="stmt"/>
        <line num="12" count="22" type="stmt"/>
        <line num="17" count="116" type="cond" truecount="2" falsecount="0"/>
        <line num="18" count="22" type="stmt"/>
        <line num="19" count="22" type="stmt"/>
        <line num="21" count="94" type="stmt"/>
        <line num="22" count="94" type="stmt"/>
        <line num="23" count="94" type="stmt"/>
        <line num="31" count="3" type="stmt"/>
        <line num="32" count="3" type="stmt"/>
        <line num="37" count="122" type="cond" truecount="1" falsecount="1"/>
        <line num="38" count="122" type="stmt"/>
        <line num="39" count="122" type="stmt"/>
        <line num="41" count="0" type="cond" truecount="0" falsecount="2"/>
        <line num="42" count="0" type="stmt"/>
        <line num="49" count="116" type="stmt"/>
        <line num="52" count="116" type="stmt"/>
        <line num="55" count="116" type="cond" truecount="2" falsecount="0"/>
        <line num="58" count="116" type="stmt"/>
        <line num="64" count="0" type="stmt"/>
        <line num="67" count="0" type="cond" truecount="0" falsecount="2"/>
        <line num="70" count="0" type="stmt"/>
        <line num="72" count="0" type="cond" truecount="0" falsecount="2"/>
        <line num="73" count="0" type="stmt"/>
        <line num="75" count="0" type="stmt"/>
        <line num="76" count="0" type="cond" truecount="0" falsecount="2"/>
        <line num="77" count="0" type="stmt"/>
        <line num="78" count="0" type="stmt"/>
        <line num="79" count="0" type="cond" truecount="0" falsecount="2"/>
        <line num="80" count="0" type="stmt"/>
        <line num="82" count="0" type="stmt"/>
        <line num="88" count="3" type="stmt"/>
        <line num="89" count="3" type="cond" truecount="1" falsecount="1"/>
        <line num="91" count="3" type="stmt"/>
        <line num="93" count="3" type="cond" truecount="4" falsecount="0"/>
        <line num="94" count="1" type="stmt"/>
        <line num="96" count="2" type="stmt"/>
        <line num="97" count="2" type="stmt"/>
        <line num="98" count="4" type="stmt"/>
        <line num="99" count="4" type="cond" truecount="2" falsecount="0"/>
        <line num="100" count="2" type="stmt"/>
        <line num="102" count="0" type="stmt"/>
        <line num="106" count="1" type="stmt"/>
      </file>
      <file name="string-char.js" path="/Users/Rhead/Documents/Projects/code-challenges/struggle-bus/char-in-string/string-char.js">
        <metrics statements="40" coveredstatements="40" conditionals="36" coveredconditionals="34" methods="6" coveredmethods="6"/>
        <line num="3" count="1" type="stmt"/>
        <line num="7" count="7" type="cond" truecount="4" falsecount="0"/>
        <line num="8" count="5" type="stmt"/>
        <line num="9" count="5" type="cond" truecount="1" falsecount="1"/>
        <line num="10" count="5" type="stmt"/>
        <line num="11" count="125" type="stmt"/>
        <line num="12" count="5" type="stmt"/>
        <line num="17" count="7" type="cond" truecount="4" falsecount="0"/>
        <line num="18" count="5" type="stmt"/>
        <line num="19" count="5" type="stmt"/>
        <line num="20" count="5" type="stmt"/>
        <line num="21" count="125" type="cond" truecount="2" falsecount="0"/>
        <line num="22" count="125" type="stmt"/>
        <line num="29" count="7" type="cond" truecount="4" falsecount="0"/>
        <line num="30" count="5" type="stmt"/>
        <line num="31" count="5" type="stmt"/>
        <line num="32" count="5" type="cond" truecount="2" falsecount="0"/>
        <line num="33" count="4" type="cond" truecount="2" falsecount="0"/>
        <line num="35" count="3" type="stmt"/>
        <line num="36" count="3" type="stmt"/>
        <line num="37" count="116" type="cond" truecount="2" falsecount="0"/>
        <line num="39" count="3" type="stmt"/>
        <line num="45" count="7" type="cond" truecount="4" falsecount="0"/>
        <line num="46" count="5" type="stmt"/>
        <line num="47" count="5" type="stmt"/>
        <line num="48" count="5" type="cond" truecount="2" falsecount="0"/>
        <line num="49" count="4" type="cond" truecount="2" falsecount="0"/>
        <line num="51" count="3" type="stmt"/>
        <line num="52" count="3" type="stmt"/>
        <line num="53" count="116" type="stmt"/>
        <line num="55" count="3" type="cond" truecount="1" falsecount="1"/>
        <line num="56" count="3" type="stmt"/>
        <line num="57" count="3" type="stmt"/>
        <line num="58" count="3" type="cond" truecount="2" falsecount="0"/>
        <line num="60" count="2" type="stmt"/>
        <line num="61" count="2" type="stmt"/>
        <line num="62" count="6" type="cond" truecount="2" falsecount="0"/>
        <line num="63" count="6" type="stmt"/>
        <line num="65" count="2" type="stmt"/>
        <line num="70" count="1" type="stmt"/>
      </file>
    </package>
  </project>
</coverage>
