{"/Users/rhead/Coding/code-challenges/leetcode/easy/first-bad-version/first-bad-version.js": {"path":"/Users/rhead/Coding/code-challenges/leetcode/easy/first-bad-version/first-bad-version.js","statementMap":{"0":{"start":{"line":16,"column":17},"end":{"line":34,"column":1}},"1":{"start":{"line":22,"column":13},"end":{"line":22,"column":14}},"2":{"start":{"line":22,"column":24},"end":{"line":22,"column":31}},"3":{"start":{"line":22,"column":44},"end":{"line":22,"column":45}},"4":{"start":{"line":24,"column":2},"end":{"line":31,"column":3}},"5":{"start":{"line":25,"column":4},"end":{"line":25,"column":46}},"6":{"start":{"line":27,"column":4},"end":{"line":30,"column":31}},"7":{"start":{"line":28,"column":8},"end":{"line":29,"column":34}},"8":{"start":{"line":28,"column":58},"end":{"line":28,"column":74}},"9":{"start":{"line":29,"column":13},"end":{"line":29,"column":34}},"10":{"start":{"line":30,"column":11},"end":{"line":30,"column":31}},"11":{"start":{"line":33,"column":2},"end":{"line":33,"column":18}},"12":{"start":{"line":36,"column":0},"end":{"line":36,"column":26}}},"fnMap":{"0":{"name":"(anonymous_0)","decl":{"start":{"line":16,"column":17},"end":{"line":16,"column":18}},"loc":{"start":{"line":16,"column":66},"end":{"line":34,"column":1}},"line":16}},"branchMap":{"0":{"loc":{"start":{"line":27,"column":4},"end":{"line":30,"column":31}},"type":"if","locations":[{"start":{"line":27,"column":4},"end":{"line":30,"column":31}},{"start":{"line":30,"column":11},"end":{"line":30,"column":31}}],"line":27},"1":{"loc":{"start":{"line":28,"column":8},"end":{"line":29,"column":34}},"type":"if","locations":[{"start":{"line":28,"column":8},"end":{"line":29,"column":34}},{"start":{"line":29,"column":13},"end":{"line":29,"column":34}}],"line":28}},"s":{"0":1,"1":2,"2":2,"3":2,"4":2,"5":4,"6":4,"7":3,"8":2,"9":1,"10":1,"11":0,"12":1},"f":{"0":2},"b":{"0":[3,1],"1":[2,1]},"_coverageSchema":"1a1c01bbd47fc00a2c39e90264f33305004495a9","hash":"a4107d61d4adbcb8c94083e465f79a9109f28f63"}
}
