{"/Users/Rhead/Documents/Projects/code-challenges/elegant-javascript/chapter-4/reversing-array.js": {"path":"/Users/Rhead/Documents/Projects/code-challenges/elegant-javascript/chapter-4/reversing-array.js","statementMap":{"0":{"start":{"line":9,"column":17},"end":{"line":9,"column":19}},"1":{"start":{"line":11,"column":2},"end":{"line":11,"column":68}},"2":{"start":{"line":11,"column":15},"end":{"line":11,"column":16}},"3":{"start":{"line":11,"column":41},"end":{"line":11,"column":68}},"4":{"start":{"line":12,"column":2},"end":{"line":12,"column":18}},"5":{"start":{"line":18,"column":2},"end":{"line":22,"column":3}},"6":{"start":{"line":18,"column":15},"end":{"line":18,"column":16}},"7":{"start":{"line":19,"column":4},"end":{"line":19,"column":20}},"8":{"start":{"line":20,"column":4},"end":{"line":20,"column":26}},"9":{"start":{"line":21,"column":4},"end":{"line":21,"column":22}},"10":{"start":{"line":23,"column":2},"end":{"line":23,"column":23}},"11":{"start":{"line":24,"column":2},"end":{"line":24,"column":15}},"12":{"start":{"line":27,"column":0},"end":{"line":27,"column":55}}},"fnMap":{"0":{"name":"reverseArray","decl":{"start":{"line":8,"column":9},"end":{"line":8,"column":21}},"loc":{"start":{"line":8,"column":29},"end":{"line":13,"column":1}},"line":8},"1":{"name":"reverseArrayInPlace","decl":{"start":{"line":16,"column":9},"end":{"line":16,"column":28}},"loc":{"start":{"line":16,"column":36},"end":{"line":25,"column":1}},"line":16}},"branchMap":{},"s":{"0":1,"1":1,"2":1,"3":9,"4":1,"5":0,"6":0,"7":0,"8":0,"9":0,"10":0,"11":0,"12":1},"f":{"0":1,"1":0},"b":{},"_coverageSchema":"1a1c01bbd47fc00a2c39e90264f33305004495a9","hash":"c9b36636d450e0fda04721123c6c65b2cfd3fdb5"}
,"/Users/Rhead/Documents/Projects/code-challenges/elegant-javascript/chapter-4/sum-of-a-range.js": {"path":"/Users/Rhead/Documents/Projects/code-challenges/elegant-javascript/chapter-4/sum-of-a-range.js","statementMap":{"0":{"start":{"line":8,"column":2},"end":{"line":8,"column":36}},"1":{"start":{"line":8,"column":21},"end":{"line":8,"column":36}},"2":{"start":{"line":10,"column":14},"end":{"line":10,"column":16}},"3":{"start":{"line":12,"column":2},"end":{"line":20,"column":3}},"4":{"start":{"line":13,"column":4},"end":{"line":15,"column":5}},"5":{"start":{"line":13,"column":17},"end":{"line":13,"column":22}},"6":{"start":{"line":14,"column":6},"end":{"line":14,"column":20}},"7":{"start":{"line":17,"column":4},"end":{"line":19,"column":5}},"8":{"start":{"line":17,"column":17},"end":{"line":17,"column":22}},"9":{"start":{"line":18,"column":6},"end":{"line":18,"column":20}},"10":{"start":{"line":21,"column":2},"end":{"line":21,"column":15}},"11":{"start":{"line":27,"column":12},"end":{"line":27,"column":13}},"12":{"start":{"line":28,"column":2},"end":{"line":30,"column":3}},"13":{"start":{"line":29,"column":4},"end":{"line":29,"column":15}},"14":{"start":{"line":31,"column":2},"end":{"line":31,"column":13}},"15":{"start":{"line":36,"column":0},"end":{"line":36,"column":32}}},"fnMap":{"0":{"name":"range","decl":{"start":{"line":7,"column":9},"end":{"line":7,"column":14}},"loc":{"start":{"line":7,"column":56},"end":{"line":22,"column":1}},"line":7},"1":{"name":"sum","decl":{"start":{"line":26,"column":9},"end":{"line":26,"column":12}},"loc":{"start":{"line":26,"column":18},"end":{"line":32,"column":1}},"line":26}},"branchMap":{"0":{"loc":{"start":{"line":7,"column":27},"end":{"line":7,"column":54}},"type":"default-arg","locations":[{"start":{"line":7,"column":34},"end":{"line":7,"column":54}}],"line":7},"1":{"loc":{"start":{"line":7,"column":34},"end":{"line":7,"column":54}},"type":"cond-expr","locations":[{"start":{"line":7,"column":48},"end":{"line":7,"column":49}},{"start":{"line":7,"column":52},"end":{"line":7,"column":54}}],"line":7},"2":{"loc":{"start":{"line":8,"column":2},"end":{"line":8,"column":36}},"type":"if","locations":[{"start":{"line":8,"column":2},"end":{"line":8,"column":36}},{"start":{"line":8,"column":2},"end":{"line":8,"column":36}}],"line":8},"3":{"loc":{"start":{"line":12,"column":2},"end":{"line":20,"column":3}},"type":"if","locations":[{"start":{"line":12,"column":2},"end":{"line":20,"column":3}},{"start":{"line":12,"column":2},"end":{"line":20,"column":3}}],"line":12}},"s":{"0":6,"1":1,"2":5,"3":5,"4":3,"5":3,"6":25,"7":2,"8":2,"9":10,"10":5,"11":1,"12":1,"13":10,"14":1,"15":1},"f":{"0":6,"1":1},"b":{"0":[4],"1":[2,2],"2":[1,5],"3":[3,2]},"_coverageSchema":"1a1c01bbd47fc00a2c39e90264f33305004495a9","hash":"212c9d5e4c1c18467d0d6500a68f23216ad749e1"}
}
