TN:
SF:zero-to-mastery/first-repeated-values/first-repeated-values.js
FN:4,repeatedNum1
FN:15,repeatedNum2
FN:30,(anonymous_2)
FN:45,repeatedNum3
FN:56,repeatedNum4
FN:58,(anonymous_5)
FNF:6
FNH:6
FNDA:6,repeatedNum1
FNDA:12,repeatedNum2
FNDA:29,(anonymous_2)
FNDA:3,repeatedNum3
FNDA:2,repeatedNum4
FNDA:5,(anonymous_5)
DA:5,6
DA:6,5
DA:7,5
DA:8,21
DA:9,17
DA:11,1
DA:16,12
DA:18,11
DA:20,11
DA:21,97
DA:22,301
DA:23,39
DA:26,11
DA:27,11
DA:29,10
DA:30,10
DA:31,29
DA:32,29
DA:33,1
DA:34,1
DA:36,28
DA:39,10
DA:41,0
DA:46,3
DA:47,2
DA:48,2
DA:49,8
DA:50,7
DA:52,1
DA:57,2
DA:58,5
DA:61,1
LF:32
LH:31
BRDA:5,0,0,1
BRDA:5,0,1,5
BRDA:5,1,0,6
BRDA:5,1,1,6
BRDA:8,2,0,4
BRDA:8,2,1,17
BRDA:16,3,0,1
BRDA:16,3,1,11
BRDA:16,4,0,12
BRDA:16,4,1,12
BRDA:22,5,0,39
BRDA:22,5,1,262
BRDA:26,6,0,0
BRDA:26,6,1,11
BRDA:27,7,0,1
BRDA:27,7,1,10
BRDA:32,8,0,1
BRDA:32,8,1,28
BRDA:46,9,0,1
BRDA:46,9,1,2
BRDA:46,10,0,3
BRDA:46,10,1,3
BRDA:49,11,0,1
BRDA:49,11,1,7
BRDA:57,12,0,1
BRDA:57,12,1,1
BRDA:57,13,0,2
BRDA:57,13,1,2
BRF:28
BRH:27
end_of_record
