TN:
SF:elegant-javascript/chapter-4/sum-of-a-range.js
FN:7,range
FN:26,sum
FNF:2
FNH:2
FNDA:6,range
FNDA:1,sum
DA:8,6
DA:10,5
DA:12,5
DA:13,3
DA:14,25
DA:17,2
DA:18,10
DA:21,5
DA:27,1
DA:28,1
DA:29,10
DA:31,1
DA:36,1
LF:13
LH:13
BRDA:7,0,0,4
BRDA:7,1,0,2
BRDA:7,1,1,2
BRDA:8,2,0,1
BRDA:8,2,1,5
BRDA:12,3,0,3
BRDA:12,3,1,2
BRF:7
BRH:7
end_of_record
TN:
SF:leetcode/easy/overlapping-rectangle/rectangle-overlap-1.js
FN:5,(anonymous_0)
FNF:1
FNH:1
FNDA:3,(anonymous_0)
DA:5,1
DA:7,3
DA:9,1
DA:13,2
DA:19,1
LF:5
LH:5
BRDA:7,0,0,1
BRDA:7,0,1,2
BRDA:7,1,0,3
BRDA:7,1,1,2
BRDA:7,1,2,2
BRDA:7,1,3,2
BRDA:13,2,0,2
BRDA:13,2,1,1
BRDA:13,2,2,1
BRDA:13,2,3,1
BRF:10
BRH:10
end_of_record
TN:
SF:leetcode/easy/overlapping-rectangle/rectangle-overlap-2.js
FN:11,(anonymous_0)
FNF:1
FNH:1
FNDA:3,(anonymous_0)
DA:11,1
DA:12,3
DA:16,1
LF:3
LH:3
BRDA:12,0,0,3
BRDA:12,0,1,1
BRF:2
BRH:2
end_of_record
TN:
SF:leetcode/june-2021/day1/max-area.js
FN:3,islandArea
FN:17,area
FNF:2
FNH:2
FNDA:4,islandArea
FNDA:270,area
DA:4,4
DA:6,4
DA:8,4
DA:9,15
DA:10,134
DA:13,4
DA:18,270
DA:20,34
DA:21,34
DA:22,34
DA:23,34
DA:24,34
DA:25,34
DA:28,34
DA:31,1
LF:15
LH:15
BRDA:4,0,0,0
BRDA:4,0,1,4
BRDA:18,1,0,236
BRDA:18,1,1,34
BRDA:18,2,0,270
BRDA:18,2,1,265
BRDA:18,2,2,260
BRDA:18,2,3,257
BRDA:18,2,4,254
BRF:9
BRH:8
end_of_record
TN:
SF:leetcode/june-2021/day2/interleaving-strings.js
FN:3,isInterleave
FNF:1
FNH:1
FNDA:34,isInterleave
DA:5,34
DA:8,33
DA:11,26
DA:14,25
DA:17,25
DA:18,19
DA:20,25
DA:23,1
LF:8
LH:8
BRDA:3,0,0,10
BRDA:3,1,0,10
BRDA:3,2,0,10
BRDA:5,3,0,1
BRDA:5,3,1,33
BRDA:8,4,0,7
BRDA:8,4,1,26
BRDA:8,5,0,4
BRDA:8,5,1,3
BRDA:11,6,0,1
BRDA:11,6,1,25
BRDA:11,7,0,1
BRDA:11,7,1,0
BRDA:17,8,0,19
BRDA:17,8,1,6
BRDA:17,9,0,25
BRDA:17,9,1,17
BRDA:17,9,2,13
BRDA:17,9,3,7
BRF:19
BRH:18
end_of_record
TN:
SF:struggle-bus/char-in-string/hashtable.js
FN:4,(anonymous_0)
FN:11,(anonymous_1)
FN:16,(anonymous_2)
FN:30,(anonymous_3)
FN:36,(anonymous_4)
FN:38,(anonymous_5)
FN:47,(anonymous_6)
FN:62,(anonymous_7)
FN:87,(anonymous_8)
FNF:9
FNH:8
FNDA:116,(anonymous_0)
FNDA:22,(anonymous_1)
FNDA:116,(anonymous_2)
FNDA:3,(anonymous_3)
FNDA:122,(anonymous_4)
FNDA:122,(anonymous_5)
FNDA:116,(anonymous_6)
FNDA:0,(anonymous_7)
FNDA:3,(anonymous_8)
DA:5,116
DA:6,116
DA:12,22
DA:17,116
DA:18,22
DA:19,22
DA:21,94
DA:22,94
DA:23,94
DA:31,3
DA:32,3
DA:37,122
DA:38,122
DA:39,122
DA:41,0
DA:42,0
DA:49,116
DA:52,116
DA:55,116
DA:58,116
DA:64,0
DA:67,0
DA:70,0
DA:72,0
DA:73,0
DA:75,0
DA:76,0
DA:77,0
DA:78,0
DA:79,0
DA:80,0
DA:82,0
DA:88,3
DA:89,3
DA:91,3
DA:93,3
DA:94,1
DA:96,2
DA:97,2
DA:98,4
DA:99,4
DA:100,2
DA:102,0
DA:106,1
LF:44
LH:29
BRDA:17,0,0,22
BRDA:17,0,1,94
BRDA:37,1,0,122
BRDA:37,1,1,0
BRDA:41,2,0,0
BRDA:41,2,1,0
BRDA:55,3,0,22
BRDA:55,3,1,94
BRDA:67,4,0,0
BRDA:67,4,1,0
BRDA:72,5,0,0
BRDA:72,5,1,0
BRDA:76,6,0,0
BRDA:76,6,1,0
BRDA:79,7,0,0
BRDA:79,7,1,0
BRDA:89,8,0,0
BRDA:89,8,1,3
BRDA:93,9,0,1
BRDA:93,9,1,2
BRDA:93,10,0,3
BRDA:93,10,1,3
BRDA:99,11,0,2
BRDA:99,11,1,2
BRF:24
BRH:12
end_of_record
TN:
SF:struggle-bus/char-in-string/string-char.js
FN:47,countChar
FNF:1
FNH:1
FNDA:7,countChar
DA:3,1
DA:49,7
DA:50,5
DA:51,5
DA:52,5
DA:53,4
DA:55,3
DA:56,3
DA:57,116
DA:59,3
DA:60,3
DA:61,3
DA:62,3
DA:64,2
DA:65,2
DA:66,6
DA:67,6
DA:69,2
DA:75,1
LF:19
LH:19
BRDA:49,0,0,2
BRDA:49,0,1,5
BRDA:49,1,0,7
BRDA:49,1,1,6
BRDA:52,2,0,1
BRDA:52,2,1,4
BRDA:53,3,0,1
BRDA:53,3,1,3
BRDA:59,4,0,3
BRDA:59,4,1,0
BRDA:62,5,0,1
BRDA:62,5,1,2
BRDA:66,6,0,4
BRDA:66,6,1,2
BRF:14
BRH:13
end_of_record
